<?xml version="1.0" encoding="UTF-8"?>
<!-- Generated by org.testng.reporters.JUnitReportReporter -->
<testsuite hostname="Anamika_Kumari" failures="0" tests="4" name="ToolsQA.day1" time="0.007" errors="0" timestamp="2023-10-14T23:20:32 IST" skipped="1">
  <testcase classname="ToolsQA.day1" name="TestCheck" time="0.002"/>
  <testcase classname="ToolsQA.day1" name="checkDependency" time="0.002"/>
  <testcase classname="ToolsQA.day1" name="laptop" time="0.003"/>
  <testcase classname="ToolsQA.day1" name="check">
    <skipped/>
  </testcase> <!-- check -->
</testsuite> <!-- ToolsQA.day1 -->
