<?xml version="1.0" encoding="UTF-8"?>
<!-- Generated by org.testng.reporters.JUnitReportReporter -->
<testsuite hostname="Anamika_Kumari" failures="0" tests="1" name="PS1" time="0.038" errors="0" timestamp="2023-10-15T22:40:18 IST" skipped="0">
  <testcase classname="PS1" name="login" time="0.038"/>
</testsuite> <!-- PS1 -->
